This is e-pTeX, Version 3.14159265-p3.8.0-180226-2.6 (utf8.sjis) (TeX Live 2018/W32TeX) (preloaded format=platex 2018.7.2)  2 JUL 2018 15:42
entering extended mode
 restricted \write18 enabled.
 %&-line parsing enabled.
**document.tex
(./document.tex
pLaTeX2e <2018-04-01>+1 (based on LaTeX2e <2018-04-01> patch level 2)
Babel <3.18> and hyphenation patterns for 84 language(s) loaded.
(c:/texlive/2018/texmf-dist/tex/platex/base/jarticle.cls
Document Class: jarticle 2018/02/04 v1.7h Standard pLaTeX class
\c@@paper=\count83
(c:/texlive/2018/texmf-dist/tex/platex/base/jsize10.clo
File: jsize10.clo 2018/02/04 v1.7h Standard pLaTeX file (size option)
)
\c@part=\count84
\c@section=\count85
\c@subsection=\count86
\c@subsubsection=\count87
\c@paragraph=\count88
\c@subparagraph=\count89
\c@figure=\count90
\c@table=\count91
\abovecaptionskip=\skip41
\belowcaptionskip=\skip42
\symmincho=\mathgroup4
LaTeX Font Info:    Overwriting symbol font `mincho' in version `bold'
(Font)                  JY1/mc/m/n --> JY1/gt/m/n on input line 614.
\toclineskip=\dimen118
\@lnumwidth=\dimen119
\bibindent=\dimen120
\heisei=\count92
)
(c:/texlive/2018/texmf-dist/tex/latex/amsmath/amsmath.sty
Package: amsmath 2017/09/02 v2.17a AMS math features
\@mathmargin=\skip43

For additional information on amsmath, use the `?' option.
(c:/texlive/2018/texmf-dist/tex/latex/amsmath/amstext.sty
Package: amstext 2000/06/29 v2.01 AMS text

(c:/texlive/2018/texmf-dist/tex/latex/amsmath/amsgen.sty
File: amsgen.sty 1999/11/30 v2.0 generic functions
\@emptytoks=\toks15
\ex@=\dimen121
))
(c:/texlive/2018/texmf-dist/tex/latex/amsmath/amsbsy.sty
Package: amsbsy 1999/11/29 v1.2d Bold Symbols
\pmbraise@=\dimen122
)
(c:/texlive/2018/texmf-dist/tex/latex/amsmath/amsopn.sty
Package: amsopn 2016/03/08 v2.02 operator names
)
\inf@bad=\count93
LaTeX Info: Redefining \frac on input line 213.
\uproot@=\count94
\leftroot@=\count95
LaTeX Info: Redefining \overline on input line 375.
\classnum@=\count96
\DOTSCASE@=\count97
LaTeX Info: Redefining \ldots on input line 472.
LaTeX Info: Redefining \dots on input line 475.
LaTeX Info: Redefining \cdots on input line 596.
\Mathstrutbox@=\box42
\strutbox@=\box43
\big@size=\dimen123
LaTeX Font Info:    Redeclaring font encoding OML on input line 712.
LaTeX Font Info:    Redeclaring font encoding OMS on input line 713.
\macc@depth=\count98
\c@MaxMatrixCols=\count99
\dotsspace@=\muskip10
\c@parentequation=\count100
\dspbrk@lvl=\count101
\tag@help=\toks16
\row@=\count102
\column@=\count103
\maxfields@=\count104
\andhelp@=\toks17
\eqnshift@=\dimen124
\alignsep@=\dimen125
\tagshift@=\dimen126
\tagwidth@=\dimen127
\totwidth@=\dimen128
\lineht@=\dimen129
\@envbody=\toks18
\multlinegap=\skip44
\multlinetaggap=\skip45
\mathdisplay@stack=\toks19
LaTeX Info: Redefining \[ on input line 2817.
LaTeX Info: Redefining \] on input line 2818.
)
(c:/texlive/2018/texmf-dist/tex/latex/ascmac/ascmac.sty
Package: ascmac 2018/03/09 v2.0h ascmac wrapper (community edition) 

(c:/texlive/2018/texmf-dist/tex/latex/ascmac/tascmac.sty
Package: tascmac 2018/03/09 v2.0h ascmac package (community edition) 
\@savetbaselineshift=\dimen130
\@saveybaselineshift=\dimen131
\scb@x=\box44
\scscb@x=\box45
\@bw=\dimen132
\@nbox=\box46
\@nbody=\box47
\@scw=\dimen133
\ascmac@hoboxa=\box48
\ascmac@hoboxb=\box49
\@itemh=\dimen134
\@iboxpos=\toks20
\@iboxstr=\box50
\@bwsp=\box51
\@@bwsp=\box52
\@bcal=\count105
\shaderule=\dimen135
))
(c:/texlive/2018/texmf-dist/tex/latex/fancybox/fancybox.sty
Package: fancybox 2010/05/15 1.4

Style option: `fancybox' v1.4 <2010/05/15> (tvz)
\@fancybox=\box53
\shadowsize=\dimen136
\@Sbox=\box54
\do@VerbBox=\toks21
\the@fancyput=\toks22
\this@fancyput=\toks23
\EndVerbatimTokens=\toks24
\Verbatim@Outfile=\write3
\Verbatim@Infile=\read1
) (c:/texlive/2018/texmf-dist/tex/latex/graphics/graphicx.sty
Package: graphicx 2017/06/01 v1.1a Enhanced LaTeX Graphics (DPC,SPQR)

(c:/texlive/2018/texmf-dist/tex/latex/graphics/keyval.sty
Package: keyval 2014/10/28 v1.15 key=value parser (DPC)
\KV@toks@=\toks25
)
(c:/texlive/2018/texmf-dist/tex/latex/graphics/graphics.sty
Package: graphics 2017/06/25 v1.2c Standard LaTeX Graphics (DPC,SPQR)

(c:/texlive/2018/texmf-dist/tex/latex/graphics/trig.sty
Package: trig 2016/01/03 v1.10 sin cos tan (DPC)
)
(c:/texlive/2018/texmf-dist/tex/latex/graphics-cfg/graphics.cfg
File: graphics.cfg 2016/06/04 v1.11 sample graphics configuration
)
Package graphics Info: Driver file: dvipdfmx.def on input line 99.

(c:/texlive/2018/texmf-dist/tex/latex/graphics-def/dvipdfmx.def
File: dvipdfmx.def 2017/06/24 v5.0g Graphics/color driver for dvipdfmx
))
\Gin@req@height=\dimen137
\Gin@req@width=\dimen138
)
(c:/texlive/2018/texmf-dist/tex/latex/url/url.sty
\Urlmuskip=\muskip11
Package: url 2013/09/16  ver 3.4  Verb mode for urls, etc.
)
(c:/texlive/2018/texmf-dist/tex/latex/graphics/color.sty
Package: color 2016/07/10 v1.1e Standard LaTeX Color (DPC)

(c:/texlive/2018/texmf-dist/tex/latex/graphics-cfg/color.cfg
File: color.cfg 2016/01/02 v1.6 sample color configuration
)
Package color Info: Driver file: dvips.def on input line 147.

(c:/texlive/2018/texmf-dist/tex/latex/graphics-def/dvips.def
File: dvips.def 2017/06/20 v3.1d Graphics/color driver for dvips
)
(c:/texlive/2018/texmf-dist/tex/latex/graphics/dvipsnam.def
File: dvipsnam.def 2016/06/17 v3.0m Driver-dependent file (DPC,SPQR)
))
No file document.aux.
\openout1 = `document.aux'.

LaTeX Font Info:    Checking defaults for OML/cmm/m/it on input line 8.
LaTeX Font Info:    ... okay on input line 8.
LaTeX Font Info:    Checking defaults for T1/cmr/m/n on input line 8.
LaTeX Font Info:    ... okay on input line 8.
LaTeX Font Info:    Checking defaults for OT1/cmr/m/n on input line 8.
LaTeX Font Info:    ... okay on input line 8.
LaTeX Font Info:    Checking defaults for OMS/cmsy/m/n on input line 8.
LaTeX Font Info:    ... okay on input line 8.
LaTeX Font Info:    Checking defaults for OMX/cmex/m/n on input line 8.
LaTeX Font Info:    ... okay on input line 8.
LaTeX Font Info:    Checking defaults for U/cmr/m/n on input line 8.
LaTeX Font Info:    ... okay on input line 8.
LaTeX Font Info:    Checking defaults for JY1/mc/m/n on input line 8.
LaTeX Font Info:    ... okay on input line 8.
LaTeX Font Info:    Checking defaults for JT1/mc/m/n on input line 8.
LaTeX Font Info:    ... okay on input line 8.
File: gazo/InPeAboveNonLiner.eps Graphic file (type eps)
<gazo/InPeAboveNonLiner.eps>
File: gazo/InPeAboveNonLiner.eps Graphic file (type eps)
 <gazo/InPeAboveNonLiner.eps> [1

] [2] [3]
Overfull \hbox (40.16647pt too wide) in alignment at lines 120--145
 [][][] []
 []

[4]
Overfull \hbox (36.55818pt too wide) detected at line 299
\OT1/cmr/m/n/10 = [] [] + []
 []

[5]
LaTeX Font Info:    Try loading font information for OMS+cmr on input line 359.

 (c:/texlive/2018/texmf-dist/tex/latex/base/omscmr.fd
File: omscmr.fd 2014/09/29 v2.5h Standard LaTeX font definitions
)
LaTeX Font Info:    Font shape `OMS/cmr/m/n' in size <10> not available
(Font)              Font shape `OMS/cmsy/m/n' tried instead on input line 359.
 [6] [7]
File: gazo/InPeAboveNonLiner.eps Graphic file (type eps)

<gazo/InPeAboveNonLiner.eps> [8]
File: gazo/InPeAboveNonLiner.pdf Graphic file (type pdf)
<gazo/InPeAboveNonLiner.pdf>
File: gazo/OdeOde45Comp.pdf Graphic file (type pdf)
<gazo/OdeOde45Comp.pdf>
File: gazo/OdeOde45AutoComp.pdf Graphic file (type pdf)
<gazo/OdeOde45AutoComp.pdf>
 [9] [10]
File: gazo/InPeAboveLiner.pdf Graphic file (type pdf)
<gazo/InPeAboveLiner.pdf>
File: gazo/AboveLinerNonLinerComp.pdf Graphic file (type pdf)
<gazo/AboveLinerNonLinerComp.pdf>
 [11] [12] [13] [14]
Overfull \hbox (44.33598pt too wide) detected at line 606
\OT1/cmr/m/n/10 = [] [] + []
 []

File: gazo/UnderLinerCompTheta.pdf Graphic file (type pdf)
<gazo/UnderLinerCompTheta.pdf>
[15]
File: gazo/FreePendulumSimulationJAVAThetaR.pdf Graphic file (type pdf)
<gazo/FreePendulumSimulationJAVAThetaR.pdf>
File: gazo/FreePendulumSimulationJAVAr.pdf Graphic file (type pdf)
<gazo/FreePendulumSimulationJAVAr.pdf>
 [16]
File: gazo/BlockNonLinerJ.pdf Graphic file (type pdf)
<gazo/BlockNonLinerJ.pdf>
File: gazo/FreePendulumSimulationJAMOXJ.pdf Graphic file (type pdf)
<gazo/FreePendulumSimulationJAMOXJ.pdf>
File: gazo/BlockNonLinerM.pdf Graphic file (type pdf)
<gazo/BlockNonLinerM.pdf>
File: gazo/FreePendulumSimulationJAMOXM.pdf Graphic file (type pdf)
<gazo/FreePendulumSimulationJAMOXM.pdf>
 [17] [18] [19] [20] [21]
File: gazo/FeedBackCart.pdf Graphic file (type pdf)
<gazo/FeedBackCart.pdf>
 [22] [23]
File: gazo/nabe8.pdf Graphic file (type pdf)
<gazo/nabe8.pdf>
File: gazo/nabe8StepJAVA.pdf Graphic file (type pdf)
<gazo/nabe8StepJAVA.pdf>
File: gazo/StepCartJAMOXJ.pdf Graphic file (type pdf)
<gazo/StepCartJAMOXJ.pdf>
File: gazo/StepCartJAMOXM.pdf Graphic file (type pdf)
<gazo/StepCartJAMOXM.pdf>

Underfull \hbox (badness 2302) in paragraph at lines 955--955
[]\JY1/mc/m/n/10 図 \OT1/cmr/m/n/10 20: \JY1/mc/m/n/10 ステ ッ プ応答の実験デ 
ータとシミ ュ レ ーシ ョ ン結果のグラフ
 []

[24] [25]
File: gazo/FreeBackCartOldParaMATX.pdf Graphic file (type pdf)
<gazo/FreeBackCartOldParaMATX.pdf>
File: gazo/FeedBackCompwithFeedBackParaJAVA.pdf Graphic file (type pdf)
<gazo/FeedBackCompwithFeedBackParaJAVA.pdf>
File: gazo/FeedBackCartOldPatraJAVA.pdf Graphic file (type pdf)
<gazo/FeedBackCartOldPatraJAVA.pdf>
 [26]
File: gazo/FeedBackCartOldParaJAMOXJ.pdf Graphic file (type pdf)
<gazo/FeedBackCartOldParaJAMOXJ.pdf>
File: gazo/FeedBackCartOldParaJAMOXM.pdf Graphic file (type pdf)
<gazo/FeedBackCartOldParaJAMOXM.pdf>

Underfull \hbox (badness 2302) in paragraph at lines 1009--1009
[]\JY1/mc/m/n/10 図 \OT1/cmr/m/n/10 25: \JY1/mc/m/n/10 ステ ッ プ応答の実験デ 
ータとシミ ュ レ ーシ ョ ン結果のグラフ
 []

[27] [28]
File: gazo/free45Auto.pdf Graphic file (type pdf)
<gazo/free45Auto.pdf>
File: gazo/freeJAVA.pdf Graphic file (type pdf)
<gazo/freeJAVA.pdf>
File: gazo/FreePendulumSimulationJAMOXJverifi.pdf Graphic file (type pdf)
<gazo/FreePendulumSimulationJAMOXJverifi.pdf>
File: gazo/FreePendulumSimulationJAMOXMverifi.pdf Graphic file (type pdf)
<gazo/FreePendulumSimulationJAMOXMverifi.pdf>
 [29] [30] [31] [32] [33] [34] [35]
File: gazo/PolePlaceStateFeedBackRMATX.pdf Graphic file (type pdf)
<gazo/PolePlaceStateFeedBackRMATX.pdf>
File: gazo/PolePlaceStateFeedBackTHETAMATX.pdf Graphic file (type pdf)
<gazo/PolePlaceStateFeedBackTHETAMATX.pdf>
File: gazo/PolePlaceStateFeedBackRMATX2.pdf Graphic file (type pdf)
<gazo/PolePlaceStateFeedBackRMATX2.pdf>
File: gazo/PolePlaceStateFeedBackTHETAMATX2.pdf Graphic file (type pdf)
<gazo/PolePlaceStateFeedBackTHETAMATX2.pdf>
 [36] [37] [38]
File: gazo/PolePlaceStateFeedBackRTHETAJAVA.pdf Graphic file (type pdf)
<gazo/PolePlaceStateFeedBackRTHETAJAVA.pdf>
File: gazo/PolePlaceStateFeedBackRTHETAJAVA2.pdf Graphic file (type pdf)
<gazo/PolePlaceStateFeedBackRTHETAJAVA2.pdf>
 [39] [40] [41]
File: gazo/ObserverPolePlaceStateSimulationJAVA.pdf Graphic file (type pdf)
<gazo/ObserverPolePlaceStateSimulationJAVA.pdf>
File: gazo/ObserverLqrStateSimulationJAVA.pdf Graphic file (type pdf)
<gazo/ObserverLqrStateSimulationJAVA.pdf>

Overfull \hbox (2.69757pt too wide) in paragraph at lines 1517--1519
[]\JY1/mc/m/n/10 フ ァ イル名は \OT1/cmr/m/n/10 Ob-server-Pole-PlaceS-tate-Feed
-back-MATX \JY1/mc/m/n/10 であ る 。 
 []

[42]
File: gazo/ObserverNotZero.pdf Graphic file (type pdf)
<gazo/ObserverNotZero.pdf>
 [43] [44]
File: gazo/DiscreteObserverComp.pdf Graphic file (type pdf)
<gazo/DiscreteObserverComp.pdf>
 [45]
Overfull \hbox (4.38545pt too wide) in paragraph at lines 1638--1640
[]\JY1/mc/m/n/10 フ ァ イル名は \OT1/cmr/m/n/10 Dis-cre-teOb-server-Pole-PlaceS
-tate-Feed-back-MATX 
 []

[46] [47] [48] [49] [50] (./document.aux) ) 
Here is how much of TeX's memory you used:
 1870 strings out of 493281
 24831 string characters out of 6148127
 104611 words of memory out of 5000000
 5769 multiletter control sequences out of 15000+600000
 15012 words of font info for 60 fonts, out of 8000000 for 9000
 929 hyphenation exceptions out of 8191
 27i,14n,21p,313b,565s stack positions out of 5000i,500n,10000p,200000b,80000s

Output written on document.dvi (50 pages, 119948 bytes).
